<?xml version="1.0" encoding="UTF-8"?>
<!-- Generated by org.testng.reporters.JUnitXMLReporter -->
<testsuite ignored="0" hostname="LAPTOP-RTTU2H90" failures="0" tests="5" name="Test" time="0.048" errors="0" timestamp="2023-01-19T13:46:52 IST">
  <testcase classname="Test.Test1" name="a" time="0.003"/>
  <testcase classname="Test.Test3" name="f" time="0.001"/>
  <testcase classname="Test.Test3" name="g" time="0.002"/>
  <testcase classname="Test.Test2" name="c" time="0.001"/>
  <testcase classname="Test.Test2" name="e" time="0.001"/>
</testsuite> <!-- Test -->
