<?xml version="1.0" encoding="UTF-8"?>
<testng-results ignored="0" total="5" passed="5" failed="0" skipped="0">
  <reporter-output>
  </reporter-output>
  <suite started-at="2023-01-19T13:46:51 IST" name="Suite" finished-at="2023-01-19T13:46:51 IST" duration-ms="48">
    <groups>
    </groups>
    <test started-at="2023-01-19T13:46:51 IST" name="Test" finished-at="2023-01-19T13:46:51 IST" duration-ms="48">
      <class name="Test.Test1">
        <test-method is-config="true" signature="b()[pri:0, instance:Test.Test1@3c73951]" started-at="2023-01-19T13:46:51 IST" name="b" finished-at="2023-01-19T13:46:51 IST" duration-ms="4" status="PASS">
          <reporter-output>
          </reporter-output>
        </test-method> <!-- b -->
        <test-method signature="a()[pri:0, instance:Test.Test1@3c73951]" started-at="2023-01-19T13:46:51 IST" name="a" finished-at="2023-01-19T13:46:51 IST" duration-ms="3" status="PASS">
          <reporter-output>
          </reporter-output>
        </test-method> <!-- a -->
      </class> <!-- Test.Test1 -->
      <class name="Test.Test3">
        <test-method is-config="true" signature="h()[pri:0, instance:Test.Test3@429bffaa]" started-at="2023-01-19T13:46:51 IST" name="h" finished-at="2023-01-19T13:46:51 IST" duration-ms="0" status="PASS">
          <reporter-output>
          </reporter-output>
        </test-method> <!-- h -->
        <test-method signature="f()[pri:0, instance:Test.Test3@429bffaa]" started-at="2023-01-19T13:46:51 IST" name="f" finished-at="2023-01-19T13:46:51 IST" duration-ms="1" status="PASS">
          <reporter-output>
          </reporter-output>
        </test-method> <!-- f -->
        <test-method signature="g()[pri:0, instance:Test.Test3@429bffaa]" started-at="2023-01-19T13:46:51 IST" name="g" finished-at="2023-01-19T13:46:51 IST" duration-ms="2" status="PASS">
          <reporter-output>
          </reporter-output>
        </test-method> <!-- g -->
      </class> <!-- Test.Test3 -->
      <class name="Test.Test2">
        <test-method is-config="true" signature="d()[pri:0, instance:Test.Test2@5403f35f]" started-at="2023-01-19T13:46:51 IST" name="d" finished-at="2023-01-19T13:46:51 IST" duration-ms="0" status="PASS">
          <reporter-output>
          </reporter-output>
        </test-method> <!-- d -->
        <test-method signature="c()[pri:0, instance:Test.Test2@5403f35f]" started-at="2023-01-19T13:46:51 IST" name="c" finished-at="2023-01-19T13:46:51 IST" duration-ms="1" status="PASS">
          <reporter-output>
          </reporter-output>
        </test-method> <!-- c -->
        <test-method signature="e()[pri:0, instance:Test.Test2@5403f35f]" started-at="2023-01-19T13:46:51 IST" name="e" finished-at="2023-01-19T13:46:51 IST" duration-ms="1" status="PASS">
          <reporter-output>
          </reporter-output>
        </test-method> <!-- e -->
      </class> <!-- Test.Test2 -->
    </test> <!-- Test -->
  </suite> <!-- Suite -->
</testng-results>
